Scrape started 2025-12-08T18:52:12.653290
[2025-12-08 18:52:12] ============================================================
[2025-12-08 18:52:12] EPG to JSON Converter (Filtered)
[2025-12-08 18:52:12] ============================================================
[2025-12-08 18:52:12] Loaded 10 channels from filter list
[2025-12-08 18:52:12] Filter list: animal-planet-hindi.json, big-tv.json, brave-tv.json, dabangg.json, food-food.json, good-times.json, km-news.json, national-tv-india.json, pogo-tamil.json, pogo-telugu.json
[2025-12-08 18:52:12] Processing Indian Channels EPG...
[2025-12-08 18:52:12] Downloading Jio TV...
[2025-12-08 18:52:15] Found 1033 channels in Jio TV
[2025-12-08 18:52:15] Downloading Tata Play...
[2025-12-08 18:52:15] Found 851 channels in Tata Play
[2025-12-08 18:52:15] ✓ Saved: pogo-telugu.json (today, tomorrow)
[2025-12-08 18:52:15] ✗ No data: big-tv.json
[2025-12-08 18:52:15] ✓ Saved: km-news.json (today)
[2025-12-08 18:52:15] ✓ Saved: brave-tv.json (today)
[2025-12-08 18:52:15] ✓ Saved: good-times.json (today)
[2025-12-08 18:52:15] ✓ Saved: pogo-tamil.json (today, tomorrow)
[2025-12-08 18:52:15] ✓ Saved: animal-planet-hindi.json (today, tomorrow)
[2025-12-08 18:52:15] ✗ No data: dabangg.json
[2025-12-08 18:52:15] ✓ Saved: national-tv-india.json (today)
[2025-12-08 18:52:15] ✓ Saved: food-food.json (today, tomorrow)
[2025-12-08 18:52:15] ============================================================
[2025-12-08 18:52:15] SUMMARY:
[2025-12-08 18:52:15]   Total channels in filter list: 10
[2025-12-08 18:52:15]   Found for TODAY: 8/10
[2025-12-08 18:52:15]   Found for TOMORROW: 4/10
[2025-12-08 18:52:15] 
Channels found for TODAY:
[2025-12-08 18:52:15]   ✓ animal-planet-hindi.json
[2025-12-08 18:52:15]   ✓ brave-tv.json
[2025-12-08 18:52:15]   ✓ food-food.json
[2025-12-08 18:52:15]   ✓ good-times.json
[2025-12-08 18:52:15]   ✓ km-news.json
[2025-12-08 18:52:15]   ✓ national-tv-india.json
[2025-12-08 18:52:15]   ✓ pogo-tamil.json
[2025-12-08 18:52:15]   ✓ pogo-telugu.json
[2025-12-08 18:52:15] 
Channels found for TOMORROW:
[2025-12-08 18:52:15]   ✓ animal-planet-hindi.json
[2025-12-08 18:52:15]   ✓ food-food.json
[2025-12-08 18:52:15]   ✓ pogo-tamil.json
[2025-12-08 18:52:15]   ✓ pogo-telugu.json
[2025-12-08 18:52:15] 
Channels NOT found for TODAY:
[2025-12-08 18:52:15]   ✗ big-tv.json
[2025-12-08 18:52:15]   ✗ dabangg.json
[2025-12-08 18:52:15] 
Channels NOT found for TOMORROW:
[2025-12-08 18:52:15]   ✗ big-tv.json
[2025-12-08 18:52:15]   ✗ brave-tv.json
[2025-12-08 18:52:15]   ✗ dabangg.json
[2025-12-08 18:52:15]   ✗ good-times.json
[2025-12-08 18:52:15]   ✗ km-news.json
[2025-12-08 18:52:15]   ✗ national-tv-india.json
[2025-12-08 18:52:15] ============================================================
[2025-12-08 18:52:15] Processing complete!
[2025-12-08 18:52:15] ============================================================
